0 info it worked if it ends with ok
1 verbose cli [ 'E:\\tool\\Node.js\\node.exe',
1 verbose cli   'E:\\tool\\Node.js\\node_modules\\npm\\bin\\npm-cli.js',
1 verbose cli   'run',
1 verbose cli   'gulpfile.js' ]
2 info using npm@3.8.9
3 info using node@v6.2.0
4 verbose stack Error: missing script: gulpfile.js
4 verbose stack     at run (E:\tool\Node.js\node_modules\npm\lib\run-script.js:150:19)
4 verbose stack     at E:\tool\Node.js\node_modules\npm\lib\run-script.js:60:5
4 verbose stack     at E:\tool\Node.js\node_modules\npm\node_modules\read-package-json\read-json.js:356:5
4 verbose stack     at checkBinReferences_ (E:\tool\Node.js\node_modules\npm\node_modules\read-package-json\read-json.js:320:45)
4 verbose stack     at final (E:\tool\Node.js\node_modules\npm\node_modules\read-package-json\read-json.js:354:3)
4 verbose stack     at then (E:\tool\Node.js\node_modules\npm\node_modules\read-package-json\read-json.js:124:5)
4 verbose stack     at ReadFileContext.<anonymous> (E:\tool\Node.js\node_modules\npm\node_modules\read-package-json\read-json.js:189:20)
4 verbose stack     at ReadFileContext.callback (E:\tool\Node.js\node_modules\npm\node_modules\graceful-fs\graceful-fs.js:78:16)
4 verbose stack     at FSReqWrap.readFileAfterOpen [as oncomplete] (fs.js:359:13)
5 verbose cwd E:\db\webstromprojects\flex.css
6 error Windows_NT 10.0.14393
7 error argv "E:\\tool\\Node.js\\node.exe" "E:\\tool\\Node.js\\node_modules\\npm\\bin\\npm-cli.js" "run" "gulpfile.js"
8 error node v6.2.0
9 error npm  v3.8.9
10 error missing script: gulpfile.js
11 error If you need help, you may report this error at:
11 error     <https://github.com/npm/npm/issues>
12 verbose exit [ 1, true ]
